# JRE version: Java(TM) SE Runtime Environment (8.0_05-b13) (build 1.8.0_05-b13)
# Java VM: Java HotSpot(TM) 64-Bit Server VM (25.5-b02 mixed mode windows-amd64 compressed oops)
Heap:
 PSYoungGen      total 16384K, used 6103K [0x00000000eb200000, 0x00000000ece00000, 0x0000000100000000)
  eden space 15872K, 35% used [0x00000000eb200000,0x00000000eb784a70,0x00000000ec180000)
  from space 512K, 88% used [0x00000000ecd80000,0x00000000ecdf1278,0x00000000ece00000)
  to   space 1536K, 0% used [0x00000000ecb00000,0x00000000ecb00000,0x00000000ecc80000)
 ParOldGen       total 64000K, used 4782K [0x00000000c1600000, 0x00000000c5480000, 0x00000000eb200000)
  object space 64000K, 7% used [0x00000000c1600000,0x00000000c1aab9a8,0x00000000c5480000)
 Metaspace       used 16268K, capacity 16442K, committed 16640K, reserved 1064960K
  class space    used 1639K, capacity 1687K, committed 1792K, reserved 1048576K
GC Heap History (10 events):
Event: 2.450 GC heap before
{Heap before GC invocations=12 (full 0):
 PSYoungGen      total 8192K, used 6720K [0x00000000eb200000, 0x00000000ebf80000, 0x0000000100000000)
  eden space 6656K, 100% used [0x00000000eb200000,0x00000000eb880000,0x00000000eb880000)
  from space 1536K, 4% used [0x00000000eb880000,0x00000000eb890000,0x00000000eba00000)
  to   space 1536K, 0% used [0x00000000ebe00000,0x00000000ebe00000,0x00000000ebf80000)
 ParOldGen       total 64000K, used 2541K [0x00000000c1600000, 0x00000000c5480000, 0x00000000eb200000)
  object space 64000K, 3% used [0x00000000c1600000,0x00000000c187b7a8,0x00000000c5480000)
 Metaspace       used 12763K, capacity 12962K, committed 13184K, reserved 1060864K
  class space    used 1242K, capacity 1299K, committed 1408K, reserved 1048576K
Event: 2.454 GC heap after
Heap after GC invocations=12 (full 0):
 PSYoungGen      total 11776K, used 1274K [0x00000000eb200000, 0x00000000ec080000, 0x0000000100000000)
  eden space 10240K, 0% used [0x00000000eb200000,0x00000000eb200000,0x00000000ebc00000)
  from space 1536K, 82% used [0x00000000ebe00000,0x00000000ebf3eb58,0x00000000ebf80000)
  to   space 2048K, 0% used [0x00000000ebc00000,0x00000000ebc00000,0x00000000ebe00000)
 ParOldGen       total 64000K, used 2581K [0x00000000c1600000, 0x00000000c5480000, 0x00000000eb200000)
  object space 64000K, 4% used [0x00000000c1600000,0x00000000c18857a8,0x00000000c5480000)
 Metaspace       used 12763K, capacity 12962K, committed 13184K, reserved 1060864K
  class space    used 1242K, capacity 1299K, committed 1408K, reserved 1048576K
}
Event: 2.808 GC heap before
{Heap before GC invocations=13 (full 0):
 PSYoungGen      total 11776K, used 11514K [0x00000000eb200000, 0x00000000ec080000, 0x0000000100000000)
  eden space 10240K, 100% used [0x00000000eb200000,0x00000000ebc00000,0x00000000ebc00000)
  from space 1536K, 82% used [0x00000000ebe00000,0x00000000ebf3eb58,0x00000000ebf80000)
  to   space 2048K, 0% used [0x00000000ebc00000,0x00000000ebc00000,0x00000000ebe00000)
 ParOldGen       total 64000K, used 2581K [0x00000000c1600000, 0x00000000c5480000, 0x00000000eb200000)
  object space 64000K, 4% used [0x00000000c1600000,0x00000000c18857a8,0x00000000c5480000)
 Metaspace       used 14170K, capacity 14318K, committed 14592K, reserved 1062912K
  class space    used 1432K, capacity 1493K, committed 1536K, reserved 1048576K
Event: 2.813 GC heap after
Heap after GC invocations=13 (full 0):
 PSYoungGen      total 12288K, used 720K [0x00000000eb200000, 0x00000000ec500000, 0x0000000100000000)
  eden space 10240K, 0% used [0x00000000eb200000,0x00000000eb200000,0x00000000ebc00000)
  from space 2048K, 35% used [0x00000000ebc00000,0x00000000ebcb4010,0x00000000ebe00000)
  to   space 1536K, 0% used [0x00000000ec380000,0x00000000ec380000,0x00000000ec500000)
 ParOldGen       total 64000K, used 3609K [0x00000000c1600000, 0x00000000c5480000, 0x00000000eb200000)
  object space 64000K, 5% used [0x00000000c1600000,0x00000000c1986720,0x00000000c5480000)
 Metaspace       used 14170K, capacity 14318K, committed 14592K, reserved 1062912K
  class space    used 1432K, capacity 1493K, committed 1536K, reserved 1048576K
}
Event: 3.578 GC heap before
{Heap before GC invocations=14 (full 0):
 PSYoungGen      total 12288K, used 10960K [0x00000000eb200000, 0x00000000ec500000, 0x0000000100000000)
  eden space 10240K, 100% used [0x00000000eb200000,0x00000000ebc00000,0x00000000ebc00000)
  from space 2048K, 35% used [0x00000000ebc00000,0x00000000ebcb4010,0x00000000ebe00000)
  to   space 1536K, 0% used [0x00000000ec380000,0x00000000ec380000,0x00000000ec500000)
 ParOldGen       total 64000K, used 3609K [0x00000000c1600000, 0x00000000c5480000, 0x00000000eb200000)
  object space 64000K, 5% used [0x00000000c1600000,0x00000000c1986720,0x00000000c5480000)
 Metaspace       used 15933K, capacity 16058K, committed 16384K, reserved 1064960K
  class space    used 1634K, capacity 1687K, committed 1792K, reserved 1048576K
Event: 3.584 GC heap after
Heap after GC invocations=14 (full 0):
 PSYoungGen      total 17920K, used 752K [0x00000000eb200000, 0x00000000ec500000, 0x0000000100000000)
  eden space 16384K, 0% used [0x00000000eb200000,0x00000000eb200000,0x00000000ec200000)
  from space 1536K, 48% used [0x00000000ec380000,0x00000000ec43c188,0x00000000ec500000)
  to   space 1536K, 0% used [0x00000000ec200000,0x00000000ec200000,0x00000000ec380000)
 ParOldGen       total 64000K, used 4134K [0x00000000c1600000, 0x00000000c5480000, 0x00000000eb200000)
  object space 64000K, 6% used [0x00000000c1600000,0x00000000c1a099a8,0x00000000c5480000)
 Metaspace       used 15933K, capacity 16058K, committed 16384K, reserved 1064960K
  class space    used 1634K, capacity 1687K, committed 1792K, reserved 1048576K
}
Event: 197.403 GC heap before
{Heap before GC invocations=15 (full 0):
 PSYoungGen      total 17920K, used 17136K [0x00000000eb200000, 0x00000000ec500000, 0x0000000100000000)
  eden space 16384K, 100% used [0x00000000eb200000,0x00000000ec200000,0x00000000ec200000)
  from space 1536K, 48% used [0x00000000ec380000,0x00000000ec43c188,0x00000000ec500000)
  to   space 1536K, 0% used [0x00000000ec200000,0x00000000ec200000,0x00000000ec380000)
 ParOldGen       total 64000K, used 4134K [0x00000000c1600000, 0x00000000c5480000, 0x00000000eb200000)
  object space 64000K, 6% used [0x00000000c1600000,0x00000000c1a099a8,0x00000000c5480000)
 Metaspace       used 16255K, capacity 16378K, committed 16640K, reserved 1064960K
  class space    used 1636K, capacity 1687K, committed 1792K, reserved 1048576K
Event: 198.871 GC heap after
Heap after GC invocations=15 (full 0):
 PSYoungGen      total 17920K, used 480K [0x00000000eb200000, 0x00000000ecf00000, 0x0000000100000000)
  eden space 16384K, 0% used [0x00000000eb200000,0x00000000eb200000,0x00000000ec200000)
  from space 1536K, 31% used [0x00000000ec200000,0x00000000ec278000,0x00000000ec380000)
  to   space 1536K, 0% used [0x00000000ecd80000,0x00000000ecd80000,0x00000000ecf00000)
 ParOldGen       total 64000K, used 4374K [0x00000000c1600000, 0x00000000c5480000, 0x00000000eb200000)
  object space 64000K, 6% used [0x00000000c1600000,0x00000000c1a459a8,0x00000000c5480000)
 Metaspace       used 16255K, capacity 16378K, committed 16640K, reserved 1064960K
  class space    used 1636K, capacity 1687K, committed 1792K, reserved 1048576K
}
Event: 3697.430 GC heap before
{Heap before GC invocations=16 (full 0):
 PSYoungGen      total 17920K, used 14193K [0x00000000eb200000, 0x00000000ecf00000, 0x0000000100000000)
  eden space 16384K, 83% used [0x00000000eb200000,0x00000000ebf64720,0x00000000ec200000)
  from space 1536K, 31% used [0x00000000ec200000,0x00000000ec278000,0x00000000ec380000)
  to   space 1536K, 0% used [0x00000000ecd80000,0x00000000ecd80000,0x00000000ecf00000)
 ParOldGen       total 64000K, used 4374K [0x00000000c1600000, 0x00000000c5480000, 0x00000000eb200000)
  object space 64000K, 6% used [0x00000000c1600000,0x00000000c1a459a8,0x00000000c5480000)
 Metaspace       used 16265K, capacity 16378K, committed 16640K, reserved 1064960K
  class space    used 1638K, capacity 1687K, committed 1792K, reserved 1048576K
Event: 3703.137 GC heap after
Heap after GC invocations=16 (full 0):
 PSYoungGen      total 16384K, used 452K [0x00000000eb200000, 0x00000000ece00000, 0x0000000100000000)
  eden space 15872K, 0% used [0x00000000eb200000,0x00000000eb200000,0x00000000ec180000)
  from space 512K, 88% used [0x00000000ecd80000,0x00000000ecdf1278,0x00000000ece00000)
  to   space 1536K, 0% used [0x00000000ecb00000,0x00000000ecb00000,0x00000000ecc80000)
 ParOldGen       total 64000K, used 4782K [0x00000000c1600000, 0x00000000c5480000, 0x00000000eb200000)
  object space 64000K, 7% used [0x00000000c1600000,0x00000000c1aab9a8,0x00000000c5480000)
 Metaspace       used 16265K, capacity 16378K, committed 16640K, reserved 1064960K
  class space    used 1638K, capacity 1687K, committed 1792K, reserved 1048576K
}

